Using pre-set license
Built from '2020.3/staging' branch; Version is '2020.3.20f1 (41c4e627c95f) revision 4310246'; Using compiler version '192528614'; Build Type 'Release'
OS: 'Windows 10 Pro; OS build 19042.1288; Version 2009; 64bit' Language: 'zh' Physical Memory: 16267 MB
BatchMode: 1, IsHumanControllingUs: 0, StartBugReporterOnCrash: 0, Is64bit: 1, IsPro: 0

COMMAND LINE ARGUMENTS:
C:\Program Files\Unity\Hub\Editor\2020.3.20f1\Editor\Unity.exe
-adb2
-batchMode
-noUpm
-name
AssetImportWorker0
-projectPath
C:/Users/user/Desktop/Knight_Soul-main/KnightSoul
-logFile
Logs/AssetImportWorker0.log
-srvPort
6441
Successfully changed project path to: C:/Users/user/Desktop/Knight_Soul-main/KnightSoul
C:/Users/user/Desktop/Knight_Soul-main/KnightSoul
Using Asset Import Pipeline V2.
Refreshing native plugins compatible for Editor in 42.95 ms, found 3 plugins.
Preloading 0 native plugins for Editor in 0.00 ms.
Initialize engine version: 2020.3.20f1 (41c4e627c95f)
[Subsystems] Discovering subsystems at path C:/Program Files/Unity/Hub/Editor/2020.3.20f1/Editor/Data/Resources/UnitySubsystems
[Subsystems] Discovering subsystems at path C:/Users/user/Desktop/Knight_Soul-main/KnightSoul/Assets
GfxDevice: creating device client; threaded=0
Direct3D:
    Version:  Direct3D 11.0 [level 11.1]
    Renderer: NVIDIA GeForce GTX 1060 3GB (ID=0x1c02)
    Vendor:   
    VRAM:     2988 MB
    Driver:   30.0.14.7196
Initialize mono
Mono path[0] = 'C:/Program Files/Unity/Hub/Editor/2020.3.20f1/Editor/Data/Managed'
Mono path[1] = 'C:/Program Files/Unity/Hub/Editor/2020.3.20f1/Editor/Data/MonoBleedingEdge/lib/mono/unityjit'
Mono config path = 'C:/Program Files/Unity/Hub/Editor/2020.3.20f1/Editor/Data/MonoBleedingEdge/etc'
Using monoOptions --debugger-agent=transport=dt_socket,embedding=1,server=y,suspend=n,address=127.0.0.1:56076
Begin MonoManager ReloadAssembly
Registering precompiled unity dll's ...
Register platform support module: C:/Program Files/Unity/Hub/Editor/2020.3.20f1/Editor/Data/PlaybackEngines/WebGLSupport/UnityEditor.WebGL.Extensions.dll
Register platform support module: C:/Program Files/Unity/Hub/Editor/2020.3.20f1/Editor/Data/PlaybackEngines/WindowsStandaloneSupport/UnityEditor.WindowsStandalone.Extensions.dll
Registered in 0.001755 seconds.
Native extension for WindowsStandalone target not found
Native extension for WebGL target not found
Refreshing native plugins compatible for Editor in 40.30 ms, found 3 plugins.
Preloading 0 native plugins for Editor in 0.00 ms.
Mono: successfully reloaded assembly
- Completed reload, in  1.462 seconds
Domain Reload Profiling:
	ReloadAssembly (1462ms)
		BeginReloadAssembly (43ms)
			ExecutionOrderSort (0ms)
			DisableScriptedObjects (0ms)
			BackupInstance (0ms)
			ReleaseScriptingObjects (0ms)
			CreateAndSetChildDomain (1ms)
		EndReloadAssembly (333ms)
			LoadAssemblies (42ms)
			RebuildTransferFunctionScriptingTraits (0ms)
			SetupTypeCache (117ms)
			ReleaseScriptCaches (0ms)
			RebuildScriptCaches (26ms)
			SetupLoadedEditorAssemblies (135ms)
				LogAssemblyErrors (0ms)
				InitializePlatformSupportModulesInManaged (4ms)
				SetLoadedEditorAssemblies (0ms)
				RefreshPlugins (40ms)
				BeforeProcessingInitializeOnLoad (6ms)
				ProcessInitializeOnLoadAttributes (62ms)
				ProcessInitializeOnLoadMethodAttributes (23ms)
				AfterProcessingInitializeOnLoad (0ms)
				EditorAssembliesLoaded (0ms)
			ExecutionOrderSort2 (0ms)
			AwakeInstancesAfterBackupRestoration (0ms)
Platform modules already initialized, skipping
Registering precompiled user dll's ...
Registered in 0.002116 seconds.
Begin MonoManager ReloadAssembly
Native extension for WindowsStandalone target not found
Native extension for WebGL target not found
Refreshing native plugins compatible for Editor in 46.80 ms, found 3 plugins.
Preloading 0 native plugins for Editor in 0.00 ms.
Mono: successfully reloaded assembly
- Completed reload, in  1.053 seconds
Domain Reload Profiling:
	ReloadAssembly (1054ms)
		BeginReloadAssembly (119ms)
			ExecutionOrderSort (0ms)
			DisableScriptedObjects (4ms)
			BackupInstance (0ms)
			ReleaseScriptingObjects (0ms)
			CreateAndSetChildDomain (14ms)
		EndReloadAssembly (886ms)
			LoadAssemblies (69ms)
			RebuildTransferFunctionScriptingTraits (0ms)
			SetupTypeCache (229ms)
			ReleaseScriptCaches (0ms)
			RebuildScriptCaches (41ms)
			SetupLoadedEditorAssemblies (442ms)
				LogAssemblyErrors (0ms)
				InitializePlatformSupportModulesInManaged (4ms)
				SetLoadedEditorAssemblies (0ms)
				RefreshPlugins (47ms)
				BeforeProcessingInitializeOnLoad (58ms)
				ProcessInitializeOnLoadAttributes (315ms)
				ProcessInitializeOnLoadMethodAttributes (13ms)
				AfterProcessingInitializeOnLoad (5ms)
				EditorAssembliesLoaded (0ms)
			ExecutionOrderSort2 (0ms)
			AwakeInstancesAfterBackupRestoration (6ms)
Platform modules already initialized, skipping
========================================================================
Worker process is ready to serve import requests
Launched and connected shader compiler UnityShaderCompiler.exe after 0.05 seconds
Refreshing native plugins compatible for Editor in 0.50 ms, found 3 plugins.
Preloading 0 native plugins for Editor in 0.00 ms.
Unloading 2260 Unused Serialized files (Serialized files now loaded: 0)
System memory in use before: 98.5 MB.
System memory in use after: 98.6 MB.

Unloading 27 unused Assets to reduce memory usage. Loaded Objects now: 2699.
Total: 2.833700 ms (FindLiveObjects: 0.155500 ms CreateObjectMapping: 0.064100 ms MarkObjects: 2.522300 ms  DeleteObjects: 0.091300 ms)

AssetImportParameters requested are different than current active one (requested -> active):
  custom:framework-win-MediaFoundation: 216162199b28c13a410421893ffa2e32 -> 
  custom:video-decoder-ogg-theora: a1e56fd34408186e4bbccfd4996cb3dc -> 
  custom:container-muxer-webm: aa71ff27fc2769a1b78a27578f13a17b -> 
  custom:container-demuxer-webm: 4f35f7cbe854078d1ac9338744f61a02 -> 
  custom:container-demuxer-ogg: 62fdf1f143b41e24485cea50d1cbac27 -> 
  custom:video-encoder-webm-vp8: eb34c28f22e8b96e1ab97ce403110664 -> 
  custom:video-decoder-webm-vp8: 9c59270c3fd7afecdb556c50c9e8de78 -> 
  custom:audio-decoder-ogg-vorbis: bf7c407c2cedff20999df2af8eb42d56 -> 
  custom:audio-encoder-webm-vorbis: bf7c407c2cedff20999df2af8eb42d56 -> 
========================================================================
Received Import Request.
  path: Assets/KnghtSoul/Assets
  artifactKey: Guid(8e89e39fbb1616840956977431654e37) Importer(815301076,1909f56bfc062723c751e8b465ee728b)
Start importing Assets/KnghtSoul/Assets using Guid(8e89e39fbb1616840956977431654e37) Importer(815301076,1909f56bfc062723c751e8b465ee728b)  -> (artifact id: '9bb1f0e591c881078b86698744969cd7') in 0.007387 seconds 
  Import took 0.010265 seconds .

========================================================================
Received Import Request.
  Time since last request: 2.399871 seconds.
  path: Assets/KnghtSoul/Assets/場景
  artifactKey: Guid(451a76f0df509084bb6749d67fb6acd7) Importer(815301076,1909f56bfc062723c751e8b465ee728b)
Start importing Assets/KnghtSoul/Assets/場景 using Guid(451a76f0df509084bb6749d67fb6acd7) Importer(815301076,1909f56bfc062723c751e8b465ee728b)  -> (artifact id: '3e7f923ad19056d5f0e6361b10c2905e') in 0.005502 seconds 
  Import took 0.008868 seconds .

========================================================================
Received Import Request.
  Time since last request: 138.264023 seconds.
  path: Assets/KnghtSoul/Assets/場景/Sceneone.unity
  artifactKey: Guid(7e7b84dab386ff747bdb54032b431c8f) Importer(815301076,1909f56bfc062723c751e8b465ee728b)
Start importing Assets/KnghtSoul/Assets/場景/Sceneone.unity using Guid(7e7b84dab386ff747bdb54032b431c8f) Importer(815301076,1909f56bfc062723c751e8b465ee728b)  -> (artifact id: 'c749f2ecf24de29f07ac419d05cb3023') in 0.013655 seconds 
  Import took 0.016903 seconds .

========================================================================
Received Import Request.
  Time since last request: 50.669534 seconds.
  path: Assets/KnghtSoul/Assets/預置物
  artifactKey: Guid(1833ee99101d00444ab1166c21066cb7) Importer(815301076,1909f56bfc062723c751e8b465ee728b)
Start importing Assets/KnghtSoul/Assets/預置物 using Guid(1833ee99101d00444ab1166c21066cb7) Importer(815301076,1909f56bfc062723c751e8b465ee728b)  -> (artifact id: 'ba7fe5d5c8fb85ddffd4427d5e2fc3b8') in 0.006044 seconds 
  Import took 0.009584 seconds .

========================================================================
Received Import Request.
  Time since last request: 6.814528 seconds.
  path: Assets/KnghtSoul/Assets/預置物/蘑菇.prefab
  artifactKey: Guid(81c0003c19ccd724198e0f3609f08f72) Importer(815301076,1909f56bfc062723c751e8b465ee728b)
Start importing Assets/KnghtSoul/Assets/預置物/蘑菇.prefab using Guid(81c0003c19ccd724198e0f3609f08f72) Importer(815301076,1909f56bfc062723c751e8b465ee728b)  -> (artifact id: '4fd4f186dbd11215fe282a9ced803e53') in 0.080338 seconds 
  Import took 0.083378 seconds .

========================================================================
Received Import Request.
  Time since last request: 55.589821 seconds.
  path: Assets/KnghtSoul/Assets/預置物/骷髏.prefab
  artifactKey: Guid(85269eafccba5b44283ecc0e8f29f236) Importer(815301076,1909f56bfc062723c751e8b465ee728b)
Start importing Assets/KnghtSoul/Assets/預置物/骷髏.prefab using Guid(85269eafccba5b44283ecc0e8f29f236) Importer(815301076,1909f56bfc062723c751e8b465ee728b)  -> (artifact id: '60202fb13eab5cc62ad126dd884809ad') in 0.013786 seconds 
  Import took 0.017173 seconds .

========================================================================
Received Prepare
Registering precompiled user dll's ...
Registered in 0.002154 seconds.
Begin MonoManager ReloadAssembly
Native extension for WindowsStandalone target not found
Native extension for WebGL target not found
Refreshing native plugins compatible for Editor in 0.54 ms, found 3 plugins.
Preloading 0 native plugins for Editor in 0.00 ms.
Mono: successfully reloaded assembly
- Completed reload, in  0.805 seconds
Domain Reload Profiling:
	ReloadAssembly (806ms)
		BeginReloadAssembly (94ms)
			ExecutionOrderSort (0ms)
			DisableScriptedObjects (5ms)
			BackupInstance (0ms)
			ReleaseScriptingObjects (0ms)
			CreateAndSetChildDomain (28ms)
		EndReloadAssembly (663ms)
			LoadAssemblies (65ms)
			RebuildTransferFunctionScriptingTraits (0ms)
			SetupTypeCache (226ms)
			ReleaseScriptCaches (1ms)
			RebuildScriptCaches (36ms)
			SetupLoadedEditorAssemblies (251ms)
				LogAssemblyErrors (0ms)
				InitializePlatformSupportModulesInManaged (5ms)
				SetLoadedEditorAssemblies (0ms)
				RefreshPlugins (1ms)
				BeforeProcessingInitializeOnLoad (48ms)
				ProcessInitializeOnLoadAttributes (188ms)
				ProcessInitializeOnLoadMethodAttributes (5ms)
				AfterProcessingInitializeOnLoad (4ms)
				EditorAssembliesLoaded (0ms)
			ExecutionOrderSort2 (0ms)
			AwakeInstancesAfterBackupRestoration (8ms)
Platform modules already initialized, skipping
Refreshing native plugins compatible for Editor in 0.45 ms, found 3 plugins.
Preloading 0 native plugins for Editor in 0.00 ms.
Unloading 2248 Unused Serialized files (Serialized files now loaded: 0)
System memory in use before: 101.0 MB.
System memory in use after: 101.1 MB.

Unloading 15 unused Assets to reduce memory usage. Loaded Objects now: 2709.
Total: 2.808200 ms (FindLiveObjects: 0.293900 ms CreateObjectMapping: 0.084400 ms MarkObjects: 2.415600 ms  DeleteObjects: 0.013400 ms)

AssetImportParameters requested are different than current active one (requested -> active):
  custom:framework-win-MediaFoundation: 216162199b28c13a410421893ffa2e32 -> 
  custom:video-decoder-ogg-theora: a1e56fd34408186e4bbccfd4996cb3dc -> 
  custom:container-muxer-webm: aa71ff27fc2769a1b78a27578f13a17b -> 
  custom:container-demuxer-webm: 4f35f7cbe854078d1ac9338744f61a02 -> 
  custom:container-demuxer-ogg: 62fdf1f143b41e24485cea50d1cbac27 -> 
  custom:video-encoder-webm-vp8: eb34c28f22e8b96e1ab97ce403110664 -> 
  custom:video-decoder-webm-vp8: 9c59270c3fd7afecdb556c50c9e8de78 -> 
  custom:audio-decoder-ogg-vorbis: bf7c407c2cedff20999df2af8eb42d56 -> 
  custom:audio-encoder-webm-vorbis: bf7c407c2cedff20999df2af8eb42d56 -> 
========================================================================
Received Import Request.
  Time since last request: 258.117505 seconds.
  path: Assets/KnghtSoul/Assets/場景/開始.unity
  artifactKey: Guid(2c90ebc6ba31c6247b9ba276b708f154) Importer(815301076,1909f56bfc062723c751e8b465ee728b)
Start importing Assets/KnghtSoul/Assets/場景/開始.unity using Guid(2c90ebc6ba31c6247b9ba276b708f154) Importer(815301076,1909f56bfc062723c751e8b465ee728b)  -> (artifact id: '943183421c27d40d81cea8c69fe32ad9') in 0.014116 seconds 
  Import took 0.017007 seconds .

========================================================================
Received Prepare
Registering precompiled user dll's ...
Registered in 0.002148 seconds.
Begin MonoManager ReloadAssembly
Native extension for WindowsStandalone target not found
Native extension for WebGL target not found
Refreshing native plugins compatible for Editor in 0.52 ms, found 3 plugins.
Preloading 0 native plugins for Editor in 0.00 ms.
Mono: successfully reloaded assembly
- Completed reload, in  0.802 seconds
Domain Reload Profiling:
	ReloadAssembly (802ms)
		BeginReloadAssembly (90ms)
			ExecutionOrderSort (0ms)
			DisableScriptedObjects (5ms)
			BackupInstance (0ms)
			ReleaseScriptingObjects (0ms)
			CreateAndSetChildDomain (27ms)
		EndReloadAssembly (664ms)
			LoadAssemblies (65ms)
			RebuildTransferFunctionScriptingTraits (0ms)
			SetupTypeCache (222ms)
			ReleaseScriptCaches (1ms)
			RebuildScriptCaches (36ms)
			SetupLoadedEditorAssemblies (253ms)
				LogAssemblyErrors (0ms)
				InitializePlatformSupportModulesInManaged (5ms)
				SetLoadedEditorAssemblies (0ms)
				RefreshPlugins (1ms)
				BeforeProcessingInitializeOnLoad (49ms)
				ProcessInitializeOnLoadAttributes (189ms)
				ProcessInitializeOnLoadMethodAttributes (4ms)
				AfterProcessingInitializeOnLoad (4ms)
				EditorAssembliesLoaded (0ms)
			ExecutionOrderSort2 (0ms)
			AwakeInstancesAfterBackupRestoration (8ms)
Platform modules already initialized, skipping
Refreshing native plugins compatible for Editor in 0.45 ms, found 3 plugins.
Preloading 0 native plugins for Editor in 0.00 ms.
Unloading 2248 Unused Serialized files (Serialized files now loaded: 0)
System memory in use before: 101.0 MB.
System memory in use after: 101.1 MB.

Unloading 15 unused Assets to reduce memory usage. Loaded Objects now: 2712.
Total: 2.713400 ms (FindLiveObjects: 0.160900 ms CreateObjectMapping: 0.068800 ms MarkObjects: 2.469700 ms  DeleteObjects: 0.013300 ms)

AssetImportParameters requested are different than current active one (requested -> active):
  custom:framework-win-MediaFoundation: 216162199b28c13a410421893ffa2e32 -> 
  custom:video-decoder-ogg-theora: a1e56fd34408186e4bbccfd4996cb3dc -> 
  custom:container-muxer-webm: aa71ff27fc2769a1b78a27578f13a17b -> 
  custom:container-demuxer-webm: 4f35f7cbe854078d1ac9338744f61a02 -> 
  custom:container-demuxer-ogg: 62fdf1f143b41e24485cea50d1cbac27 -> 
  custom:video-encoder-webm-vp8: eb34c28f22e8b96e1ab97ce403110664 -> 
  custom:video-decoder-webm-vp8: 9c59270c3fd7afecdb556c50c9e8de78 -> 
  custom:audio-decoder-ogg-vorbis: bf7c407c2cedff20999df2af8eb42d56 -> 
  custom:audio-encoder-webm-vorbis: bf7c407c2cedff20999df2af8eb42d56 -> 
========================================================================
Received Prepare
Registering precompiled user dll's ...
Registered in 0.002286 seconds.
Begin MonoManager ReloadAssembly
Native extension for WindowsStandalone target not found
Native extension for WebGL target not found
Refreshing native plugins compatible for Editor in 0.47 ms, found 3 plugins.
Preloading 0 native plugins for Editor in 0.00 ms.
Mono: successfully reloaded assembly
- Completed reload, in  0.801 seconds
Domain Reload Profiling:
	ReloadAssembly (801ms)
		BeginReloadAssembly (85ms)
			ExecutionOrderSort (0ms)
			DisableScriptedObjects (5ms)
			BackupInstance (0ms)
			ReleaseScriptingObjects (0ms)
			CreateAndSetChildDomain (26ms)
		EndReloadAssembly (666ms)
			LoadAssemblies (70ms)
			RebuildTransferFunctionScriptingTraits (0ms)
			SetupTypeCache (223ms)
			ReleaseScriptCaches (1ms)
			RebuildScriptCaches (37ms)
			SetupLoadedEditorAssemblies (249ms)
				LogAssemblyErrors (0ms)
				InitializePlatformSupportModulesInManaged (5ms)
				SetLoadedEditorAssemblies (0ms)
				RefreshPlugins (1ms)
				BeforeProcessingInitializeOnLoad (50ms)
				ProcessInitializeOnLoadAttributes (184ms)
				ProcessInitializeOnLoadMethodAttributes (5ms)
				AfterProcessingInitializeOnLoad (4ms)
				EditorAssembliesLoaded (0ms)
			ExecutionOrderSort2 (0ms)
			AwakeInstancesAfterBackupRestoration (8ms)
Platform modules already initialized, skipping
Refreshing native plugins compatible for Editor in 0.42 ms, found 3 plugins.
Preloading 0 native plugins for Editor in 0.00 ms.
Unloading 2248 Unused Serialized files (Serialized files now loaded: 0)
System memory in use before: 101.1 MB.
System memory in use after: 101.3 MB.

Unloading 15 unused Assets to reduce memory usage. Loaded Objects now: 2715.
Total: 2.428700 ms (FindLiveObjects: 0.166500 ms CreateObjectMapping: 0.069500 ms MarkObjects: 2.180500 ms  DeleteObjects: 0.011500 ms)

AssetImportParameters requested are different than current active one (requested -> active):
  custom:framework-win-MediaFoundation: 216162199b28c13a410421893ffa2e32 -> 
  custom:video-decoder-ogg-theora: a1e56fd34408186e4bbccfd4996cb3dc -> 
  custom:container-muxer-webm: aa71ff27fc2769a1b78a27578f13a17b -> 
  custom:container-demuxer-webm: 4f35f7cbe854078d1ac9338744f61a02 -> 
  custom:container-demuxer-ogg: 62fdf1f143b41e24485cea50d1cbac27 -> 
  custom:video-encoder-webm-vp8: eb34c28f22e8b96e1ab97ce403110664 -> 
  custom:video-decoder-webm-vp8: 9c59270c3fd7afecdb556c50c9e8de78 -> 
  custom:audio-decoder-ogg-vorbis: bf7c407c2cedff20999df2af8eb42d56 -> 
  custom:audio-encoder-webm-vorbis: bf7c407c2cedff20999df2af8eb42d56 -> 
========================================================================
Received Prepare
Registering precompiled user dll's ...
Registered in 0.002221 seconds.
Begin MonoManager ReloadAssembly
Native extension for WindowsStandalone target not found
Native extension for WebGL target not found
Refreshing native plugins compatible for Editor in 0.45 ms, found 3 plugins.
Preloading 0 native plugins for Editor in 0.00 ms.
Mono: successfully reloaded assembly
- Completed reload, in  0.806 seconds
Domain Reload Profiling:
	ReloadAssembly (806ms)
		BeginReloadAssembly (92ms)
			ExecutionOrderSort (0ms)
			DisableScriptedObjects (6ms)
			BackupInstance (0ms)
			ReleaseScriptingObjects (0ms)
			CreateAndSetChildDomain (28ms)
		EndReloadAssembly (665ms)
			LoadAssemblies (71ms)
			RebuildTransferFunctionScriptingTraits (0ms)
			SetupTypeCache (231ms)
			ReleaseScriptCaches (1ms)
			RebuildScriptCaches (37ms)
			SetupLoadedEditorAssemblies (242ms)
				LogAssemblyErrors (0ms)
				InitializePlatformSupportModulesInManaged (5ms)
				SetLoadedEditorAssemblies (0ms)
				RefreshPlugins (0ms)
				BeforeProcessingInitializeOnLoad (51ms)
				ProcessInitializeOnLoadAttributes (177ms)
				ProcessInitializeOnLoadMethodAttributes (4ms)
				AfterProcessingInitializeOnLoad (4ms)
				EditorAssembliesLoaded (0ms)
			ExecutionOrderSort2 (0ms)
			AwakeInstancesAfterBackupRestoration (8ms)
Platform modules already initialized, skipping
Refreshing native plugins compatible for Editor in 0.43 ms, found 3 plugins.
Preloading 0 native plugins for Editor in 0.00 ms.
Unloading 2248 Unused Serialized files (Serialized files now loaded: 0)
System memory in use before: 101.2 MB.
System memory in use after: 101.3 MB.

Unloading 15 unused Assets to reduce memory usage. Loaded Objects now: 2718.
Total: 2.418800 ms (FindLiveObjects: 0.162200 ms CreateObjectMapping: 0.067400 ms MarkObjects: 2.177700 ms  DeleteObjects: 0.010800 ms)

AssetImportParameters requested are different than current active one (requested -> active):
  custom:framework-win-MediaFoundation: 216162199b28c13a410421893ffa2e32 -> 
  custom:video-decoder-ogg-theora: a1e56fd34408186e4bbccfd4996cb3dc -> 
  custom:container-muxer-webm: aa71ff27fc2769a1b78a27578f13a17b -> 
  custom:container-demuxer-webm: 4f35f7cbe854078d1ac9338744f61a02 -> 
  custom:container-demuxer-ogg: 62fdf1f143b41e24485cea50d1cbac27 -> 
  custom:video-encoder-webm-vp8: eb34c28f22e8b96e1ab97ce403110664 -> 
  custom:video-decoder-webm-vp8: 9c59270c3fd7afecdb556c50c9e8de78 -> 
  custom:audio-decoder-ogg-vorbis: bf7c407c2cedff20999df2af8eb42d56 -> 
  custom:audio-encoder-webm-vorbis: bf7c407c2cedff20999df2af8eb42d56 -> 
========================================================================
Received Prepare
Refreshing native plugins compatible for Editor in 2.57 ms, found 3 plugins.
Preloading 0 native plugins for Editor in 0.00 ms.
Unloading 12 Unused Serialized files (Serialized files now loaded: 0)
System memory in use before: 56.9 MB.
System memory in use after: 57.0 MB.

Unloading 12 unused Assets to reduce memory usage. Loaded Objects now: 2718.
Total: 2.394800 ms (FindLiveObjects: 0.163800 ms CreateObjectMapping: 0.071800 ms MarkObjects: 2.150100 ms  DeleteObjects: 0.008300 ms)

AssetImportParameters requested are different than current active one (requested -> active):
  custom:framework-win-MediaFoundation: 216162199b28c13a410421893ffa2e32 -> 
  custom:video-decoder-ogg-theora: a1e56fd34408186e4bbccfd4996cb3dc -> 
  custom:container-muxer-webm: aa71ff27fc2769a1b78a27578f13a17b -> 
  custom:container-demuxer-webm: 4f35f7cbe854078d1ac9338744f61a02 -> 
  custom:container-demuxer-ogg: 62fdf1f143b41e24485cea50d1cbac27 -> 
  custom:video-encoder-webm-vp8: eb34c28f22e8b96e1ab97ce403110664 -> 
  custom:video-decoder-webm-vp8: 9c59270c3fd7afecdb556c50c9e8de78 -> 
  custom:audio-decoder-ogg-vorbis: bf7c407c2cedff20999df2af8eb42d56 -> 
  custom:audio-encoder-webm-vorbis: bf7c407c2cedff20999df2af8eb42d56 -> 
========================================================================
Received Import Request.
  Time since last request: 426.133150 seconds.
  path: Assets/KnghtSoul/Assets/場景/credit.unity
  artifactKey: Guid(17fbed0872029024b88ac1cfb0f04554) Importer(815301076,1909f56bfc062723c751e8b465ee728b)
Start importing Assets/KnghtSoul/Assets/場景/credit.unity using Guid(17fbed0872029024b88ac1cfb0f04554) Importer(815301076,1909f56bfc062723c751e8b465ee728b)  -> (artifact id: 'b29a12df6920aa9f32fe924f9f83c8ba') in 0.014491 seconds 
  Import took 0.017560 seconds .

========================================================================
Received Prepare
Registering precompiled user dll's ...
Registered in 0.002187 seconds.
Begin MonoManager ReloadAssembly
Native extension for WindowsStandalone target not found
Native extension for WebGL target not found
Refreshing native plugins compatible for Editor in 0.48 ms, found 3 plugins.
Preloading 0 native plugins for Editor in 0.00 ms.
Mono: successfully reloaded assembly
- Completed reload, in  0.828 seconds
Domain Reload Profiling:
	ReloadAssembly (828ms)
		BeginReloadAssembly (101ms)
			ExecutionOrderSort (0ms)
			DisableScriptedObjects (5ms)
			BackupInstance (0ms)
			ReleaseScriptingObjects (0ms)
			CreateAndSetChildDomain (30ms)
		EndReloadAssembly (677ms)
			LoadAssemblies (73ms)
			RebuildTransferFunctionScriptingTraits (0ms)
			SetupTypeCache (244ms)
			ReleaseScriptCaches (1ms)
			RebuildScriptCaches (38ms)
			SetupLoadedEditorAssemblies (240ms)
				LogAssemblyErrors (0ms)
				InitializePlatformSupportModulesInManaged (5ms)
				SetLoadedEditorAssemblies (0ms)
				RefreshPlugins (1ms)
				BeforeProcessingInitializeOnLoad (50ms)
				ProcessInitializeOnLoadAttributes (176ms)
				ProcessInitializeOnLoadMethodAttributes (4ms)
				AfterProcessingInitializeOnLoad (4ms)
				EditorAssembliesLoaded (0ms)
			ExecutionOrderSort2 (0ms)
			AwakeInstancesAfterBackupRestoration (9ms)
Platform modules already initialized, skipping
Refreshing native plugins compatible for Editor in 0.40 ms, found 3 plugins.
Preloading 0 native plugins for Editor in 0.00 ms.
Unloading 2248 Unused Serialized files (Serialized files now loaded: 0)
System memory in use before: 101.1 MB.
System memory in use after: 101.3 MB.

Unloading 15 unused Assets to reduce memory usage. Loaded Objects now: 2721.
Total: 2.654900 ms (FindLiveObjects: 0.165600 ms CreateObjectMapping: 0.073800 ms MarkObjects: 2.402900 ms  DeleteObjects: 0.012000 ms)

AssetImportParameters requested are different than current active one (requested -> active):
  custom:framework-win-MediaFoundation: 216162199b28c13a410421893ffa2e32 -> 
  custom:video-decoder-ogg-theora: a1e56fd34408186e4bbccfd4996cb3dc -> 
  custom:container-muxer-webm: aa71ff27fc2769a1b78a27578f13a17b -> 
  custom:container-demuxer-webm: 4f35f7cbe854078d1ac9338744f61a02 -> 
  custom:container-demuxer-ogg: 62fdf1f143b41e24485cea50d1cbac27 -> 
  custom:video-encoder-webm-vp8: eb34c28f22e8b96e1ab97ce403110664 -> 
  custom:video-decoder-webm-vp8: 9c59270c3fd7afecdb556c50c9e8de78 -> 
  custom:audio-decoder-ogg-vorbis: bf7c407c2cedff20999df2af8eb42d56 -> 
  custom:audio-encoder-webm-vorbis: bf7c407c2cedff20999df2af8eb42d56 -> 
========================================================================
Received Prepare
Refreshing native plugins compatible for Editor in 2.55 ms, found 3 plugins.
Preloading 0 native plugins for Editor in 0.00 ms.
Unloading 12 Unused Serialized files (Serialized files now loaded: 0)
System memory in use before: 56.8 MB.
System memory in use after: 57.0 MB.

Unloading 12 unused Assets to reduce memory usage. Loaded Objects now: 2721.
Total: 2.372700 ms (FindLiveObjects: 0.163600 ms CreateObjectMapping: 0.067400 ms MarkObjects: 2.132400 ms  DeleteObjects: 0.008800 ms)

AssetImportParameters requested are different than current active one (requested -> active):
  custom:framework-win-MediaFoundation: 216162199b28c13a410421893ffa2e32 -> 
  custom:video-decoder-ogg-theora: a1e56fd34408186e4bbccfd4996cb3dc -> 
  custom:container-muxer-webm: aa71ff27fc2769a1b78a27578f13a17b -> 
  custom:container-demuxer-webm: 4f35f7cbe854078d1ac9338744f61a02 -> 
  custom:container-demuxer-ogg: 62fdf1f143b41e24485cea50d1cbac27 -> 
  custom:video-encoder-webm-vp8: eb34c28f22e8b96e1ab97ce403110664 -> 
  custom:video-decoder-webm-vp8: 9c59270c3fd7afecdb556c50c9e8de78 -> 
  custom:audio-decoder-ogg-vorbis: bf7c407c2cedff20999df2af8eb42d56 -> 
  custom:audio-encoder-webm-vorbis: bf7c407c2cedff20999df2af8eb42d56 -> 
========================================================================
Received Import Request.
  Time since last request: 128.500831 seconds.
  path: Assets/KnghtSoul/Assets/個人素材/文字/SourceHanSerifTW-Regular.otf
  artifactKey: Guid(c1f001bbdbf817f4f8f1e702c9a14ec4) Importer(815301076,1909f56bfc062723c751e8b465ee728b)
Start importing Assets/KnghtSoul/Assets/個人素材/文字/SourceHanSerifTW-Regular.otf using Guid(c1f001bbdbf817f4f8f1e702c9a14ec4) Importer(815301076,1909f56bfc062723c751e8b465ee728b)  -> (artifact id: '9f88b8a55c7ded12265f04d844370d15') in 0.112852 seconds 
  Import took 0.116899 seconds .

========================================================================
Received Import Request.
  Time since last request: 0.000235 seconds.
  path: Assets/KnghtSoul/Assets/個人素材/文字/SourceHanSerifTW-SemiBold.otf
  artifactKey: Guid(deef3adde5d9ddc4e8b7b1a6a51bfdb3) Importer(815301076,1909f56bfc062723c751e8b465ee728b)
Start importing Assets/KnghtSoul/Assets/個人素材/文字/SourceHanSerifTW-SemiBold.otf using Guid(deef3adde5d9ddc4e8b7b1a6a51bfdb3) Importer(815301076,1909f56bfc062723c751e8b465ee728b)  -> (artifact id: 'ae681cb3d14dc51bb16ee6902ec1064c') in 0.018678 seconds 
  Import took 0.022143 seconds .

========================================================================
Received Import Request.
  Time since last request: 0.000196 seconds.
  path: Assets/KnghtSoul/Assets/個人素材/文字/SourceHanSerifTW-Regular 1.otf
  artifactKey: Guid(88d573f19bebaf14e9db166e656f240d) Importer(815301076,1909f56bfc062723c751e8b465ee728b)
Start importing Assets/KnghtSoul/Assets/個人素材/文字/SourceHanSerifTW-Regular 1.otf using Guid(88d573f19bebaf14e9db166e656f240d) Importer(815301076,1909f56bfc062723c751e8b465ee728b)  -> (artifact id: '0ae6e193c9b0346559c592443d21de13') in 0.018144 seconds 
  Import took 0.021548 seconds .

========================================================================
Received Import Request.
  Time since last request: 0.000265 seconds.
  path: Assets/KnghtSoul/Assets/個人素材/文字/SourceHanSerifTW-SemiBold 1.otf
  artifactKey: Guid(6c51826b016920449bd5953bc4265c68) Importer(815301076,1909f56bfc062723c751e8b465ee728b)
Start importing Assets/KnghtSoul/Assets/個人素材/文字/SourceHanSerifTW-SemiBold 1.otf using Guid(6c51826b016920449bd5953bc4265c68) Importer(815301076,1909f56bfc062723c751e8b465ee728b)  -> (artifact id: '8434fca0f1cbad61c202d68ee5ccff66') in 0.018345 seconds 
  Import took 0.021822 seconds .

========================================================================
Received Import Request.
  Time since last request: 0.468287 seconds.
  path: Assets/KnghtSoul/Assets/個人素材/文字/SourceHanSerifTW-Medium.otf
  artifactKey: Guid(37b2675aa729fd64c97c3357e70b3c49) Importer(815301076,1909f56bfc062723c751e8b465ee728b)
Start importing Assets/KnghtSoul/Assets/個人素材/文字/SourceHanSerifTW-Medium.otf using Guid(37b2675aa729fd64c97c3357e70b3c49) Importer(815301076,1909f56bfc062723c751e8b465ee728b)  -> (artifact id: '3f6579c7a5be237604117a6c0b98f883') in 0.015752 seconds 
  Import took 0.019194 seconds .

========================================================================
Received Import Request.
  Time since last request: 0.000226 seconds.
  path: Assets/KnghtSoul/Assets/個人素材/文字/SourceHanSerifTW-Light 1.otf
  artifactKey: Guid(c386d0cc8fe537a4a992a738fec59f98) Importer(815301076,1909f56bfc062723c751e8b465ee728b)
Start importing Assets/KnghtSoul/Assets/個人素材/文字/SourceHanSerifTW-Light 1.otf using Guid(c386d0cc8fe537a4a992a738fec59f98) Importer(815301076,1909f56bfc062723c751e8b465ee728b)  -> (artifact id: '1afdc8992adb113da8ebfc806f9d220f') in 0.019913 seconds 
  Import took 0.023082 seconds .

========================================================================
Received Import Request.
  Time since last request: 0.000257 seconds.
  path: Assets/KnghtSoul/Assets/個人素材/文字/SourceHanSerifTW-Medium 1.otf
  artifactKey: Guid(d7302c9e3c1957a4e9e80e87d542d6d3) Importer(815301076,1909f56bfc062723c751e8b465ee728b)
Start importing Assets/KnghtSoul/Assets/個人素材/文字/SourceHanSerifTW-Medium 1.otf using Guid(d7302c9e3c1957a4e9e80e87d542d6d3) Importer(815301076,1909f56bfc062723c751e8b465ee728b)  -> (artifact id: '041b5d7da2f6c08cf2f7a4eba62dafb2') in 0.021159 seconds 
  Import took 0.024875 seconds .

========================================================================
Received Import Request.
  Time since last request: 0.000285 seconds.
  path: Assets/KnghtSoul/Assets/個人素材/文字/SourceHanSerifTW-Heavy 1.otf
  artifactKey: Guid(258cfa5a89667f242b4a31f8f8f1d4a2) Importer(815301076,1909f56bfc062723c751e8b465ee728b)
Start importing Assets/KnghtSoul/Assets/個人素材/文字/SourceHanSerifTW-Heavy 1.otf using Guid(258cfa5a89667f242b4a31f8f8f1d4a2) Importer(815301076,1909f56bfc062723c751e8b465ee728b)  -> (artifact id: 'f3edbc13df2151787f3818718eec10de') in 0.019092 seconds 
  Import took 0.022308 seconds .

========================================================================
Received Import Request.
  Time since last request: 0.000274 seconds.
  path: Assets/KnghtSoul/Assets/個人素材/文字/SourceHanSerifTW-Heavy.otf
  artifactKey: Guid(003a867ee896c63488a23107957fc3b5) Importer(815301076,1909f56bfc062723c751e8b465ee728b)
Start importing Assets/KnghtSoul/Assets/個人素材/文字/SourceHanSerifTW-Heavy.otf using Guid(003a867ee896c63488a23107957fc3b5) Importer(815301076,1909f56bfc062723c751e8b465ee728b)  -> (artifact id: '02eff33e1845d30387c20a0f3c4deada') in 0.019369 seconds 
  Import took 0.022594 seconds .

========================================================================
Received Import Request.
  Time since last request: 0.000239 seconds.
  path: Assets/KnghtSoul/Assets/個人素材/文字/SourceHanSerifTW-Light.otf
  artifactKey: Guid(7e7218a75e6672646be4b6f9d5d74e3c) Importer(815301076,1909f56bfc062723c751e8b465ee728b)
Start importing Assets/KnghtSoul/Assets/個人素材/文字/SourceHanSerifTW-Light.otf using Guid(7e7218a75e6672646be4b6f9d5d74e3c) Importer(815301076,1909f56bfc062723c751e8b465ee728b)  -> (artifact id: '6e710afb841aa4e1b548825ca129b570') in 0.019434 seconds 
  Import took 0.022427 seconds .

========================================================================
Received Import Request.
  Time since last request: 0.120007 seconds.
  path: Assets/KnghtSoul/Assets/個人素材/文字/SourceHanSerifTW-Bold.otf
  artifactKey: Guid(7eeabdfa473e5ea47880d11bc8049412) Importer(815301076,1909f56bfc062723c751e8b465ee728b)
Start importing Assets/KnghtSoul/Assets/個人素材/文字/SourceHanSerifTW-Bold.otf using Guid(7eeabdfa473e5ea47880d11bc8049412) Importer(815301076,1909f56bfc062723c751e8b465ee728b)  -> (artifact id: '6b9c2d1423cabf3eaf105cb409a44700') in 0.017847 seconds 
  Import took 0.021644 seconds .

========================================================================
Received Import Request.
  Time since last request: 0.000224 seconds.
  path: Assets/KnghtSoul/Assets/個人素材/文字/SourceHanSerifTC-Regular.otf
  artifactKey: Guid(8e8a37b1a08c6f745bc2f89620c49de3) Importer(815301076,1909f56bfc062723c751e8b465ee728b)
Start importing Assets/KnghtSoul/Assets/個人素材/文字/SourceHanSerifTC-Regular.otf using Guid(8e8a37b1a08c6f745bc2f89620c49de3) Importer(815301076,1909f56bfc062723c751e8b465ee728b)  -> (artifact id: '64e472688497a406c460dd24ccce27b8') in 0.030520 seconds 
  Import took 0.034351 seconds .

========================================================================
Received Import Request.
  Time since last request: 0.000201 seconds.
  path: Assets/KnghtSoul/Assets/個人素材/文字/SourceHanSerifTC-Medium.otf
  artifactKey: Guid(9a111358dd540e349bab8cf5a5533a1b) Importer(815301076,1909f56bfc062723c751e8b465ee728b)
Start importing Assets/KnghtSoul/Assets/個人素材/文字/SourceHanSerifTC-Medium.otf using Guid(9a111358dd540e349bab8cf5a5533a1b) Importer(815301076,1909f56bfc062723c751e8b465ee728b)  -> (artifact id: 'b9ee1fe2880efb52bdf9c069496832e1') in 0.029409 seconds 
  Import took 0.033267 seconds .

========================================================================
Received Import Request.
  Time since last request: 0.000207 seconds.
  path: Assets/KnghtSoul/Assets/個人素材/文字/SourceHanSerifTC-Light.otf
  artifactKey: Guid(cacc920d52300b241a784d05c3d9f462) Importer(815301076,1909f56bfc062723c751e8b465ee728b)
Start importing Assets/KnghtSoul/Assets/個人素材/文字/SourceHanSerifTC-Light.otf using Guid(cacc920d52300b241a784d05c3d9f462) Importer(815301076,1909f56bfc062723c751e8b465ee728b)  -> (artifact id: '3ca5f20957740ac20a927753c6fb7acb') in 0.028922 seconds 
  Import took 0.032659 seconds .

========================================================================
Received Import Request.
  Time since last request: 0.000200 seconds.
  path: Assets/KnghtSoul/Assets/個人素材/文字/SourceHanSerifTW-ExtraLight.otf
  artifactKey: Guid(05385acd64e778e4b9cd32d2b19bd2ae) Importer(815301076,1909f56bfc062723c751e8b465ee728b)
Start importing Assets/KnghtSoul/Assets/個人素材/文字/SourceHanSerifTW-ExtraLight.otf using Guid(05385acd64e778e4b9cd32d2b19bd2ae) Importer(815301076,1909f56bfc062723c751e8b465ee728b)  -> (artifact id: 'e256eadf21cbd8faab7fd7d302c2e539') in 0.018258 seconds 
  Import took 0.021583 seconds .

========================================================================
Received Import Request.
  Time since last request: 0.000241 seconds.
  path: Assets/KnghtSoul/Assets/個人素材/文字/SourceHanSerifTC-Heavy.otf
  artifactKey: Guid(66e44e0321da7d2468ea483efd2fba80) Importer(815301076,1909f56bfc062723c751e8b465ee728b)
Start importing Assets/KnghtSoul/Assets/個人素材/文字/SourceHanSerifTC-Heavy.otf using Guid(66e44e0321da7d2468ea483efd2fba80) Importer(815301076,1909f56bfc062723c751e8b465ee728b)  -> (artifact id: '4ef48aed876b16265c3f7f1acb060768') in 0.032191 seconds 
  Import took 0.036164 seconds .

========================================================================
Received Import Request.
  Time since last request: 0.000216 seconds.
  path: Assets/KnghtSoul/Assets/個人素材/文字/SourceHanSerifTC-ExtraLight.otf
  artifactKey: Guid(295b2fcf68dd95a49af4444e38dedcb0) Importer(815301076,1909f56bfc062723c751e8b465ee728b)
Start importing Assets/KnghtSoul/Assets/個人素材/文字/SourceHanSerifTC-ExtraLight.otf using Guid(295b2fcf68dd95a49af4444e38dedcb0) Importer(815301076,1909f56bfc062723c751e8b465ee728b)  -> (artifact id: '50c6d021f20727bc2dd6db18e85f0231') in 0.030443 seconds 
  Import took 0.034501 seconds .

========================================================================
Received Import Request.
  Time since last request: 0.000192 seconds.
  path: Assets/KnghtSoul/Assets/個人素材/文字/SourceHanSerifTC-SemiBold.otf
  artifactKey: Guid(63db4f6de0b171947b11a05e803bddbf) Importer(815301076,1909f56bfc062723c751e8b465ee728b)
Start importing Assets/KnghtSoul/Assets/個人素材/文字/SourceHanSerifTC-SemiBold.otf using Guid(63db4f6de0b171947b11a05e803bddbf) Importer(815301076,1909f56bfc062723c751e8b465ee728b)  -> (artifact id: '2d0668f3e29f2d97ef9ee3793dca8178') in 0.038917 seconds 
  Import took 0.043552 seconds .

========================================================================
Received Import Request.
  Time since last request: 0.000237 seconds.
  path: Assets/KnghtSoul/Assets/個人素材/文字/NotoSansTC-Regular.otf
  artifactKey: Guid(7324666483989c74a8bf800e37cdf557) Importer(815301076,1909f56bfc062723c751e8b465ee728b)
Start importing Assets/KnghtSoul/Assets/個人素材/文字/NotoSansTC-Regular.otf using Guid(7324666483989c74a8bf800e37cdf557) Importer(815301076,1909f56bfc062723c751e8b465ee728b)  -> (artifact id: 'af10f90ec65f353d49c988463b9f4c11') in 0.020201 seconds 
  Import took 0.023693 seconds .

========================================================================
Received Import Request.
  Time since last request: 0.000234 seconds.
  path: Assets/KnghtSoul/Assets/個人素材/文字/NotoSansTC-Black.otf
  artifactKey: Guid(a207f9121fcab8942af2fd81097f61b8) Importer(815301076,1909f56bfc062723c751e8b465ee728b)
Start importing Assets/KnghtSoul/Assets/個人素材/文字/NotoSansTC-Black.otf using Guid(a207f9121fcab8942af2fd81097f61b8) Importer(815301076,1909f56bfc062723c751e8b465ee728b)  -> (artifact id: '2809d6c76a2375449a966ee00f94f219') in 0.019397 seconds 
  Import took 0.023303 seconds .

========================================================================
Received Import Request.
  Time since last request: 0.000192 seconds.
  path: Assets/KnghtSoul/Assets/個人素材/文字/Pixel.ttf
  artifactKey: Guid(ac0609ebad9d94d45b8ece52d1ad4f31) Importer(815301076,1909f56bfc062723c751e8b465ee728b)
Start importing Assets/KnghtSoul/Assets/個人素材/文字/Pixel.ttf using Guid(ac0609ebad9d94d45b8ece52d1ad4f31) Importer(815301076,1909f56bfc062723c751e8b465ee728b)  -> (artifact id: '68690b3ca11725f723a81ba25a6964aa') in 0.020505 seconds 
  Import took 0.024208 seconds .

========================================================================
Received Import Request.
  Time since last request: 0.000191 seconds.
  path: Assets/KnghtSoul/Assets/個人素材/文字/NotoSansTC-Bold.otf
  artifactKey: Guid(0482c518a7218aa4b8be76266cf3571b) Importer(815301076,1909f56bfc062723c751e8b465ee728b)
Start importing Assets/KnghtSoul/Assets/個人素材/文字/NotoSansTC-Bold.otf using Guid(0482c518a7218aa4b8be76266cf3571b) Importer(815301076,1909f56bfc062723c751e8b465ee728b)  -> (artifact id: '217db4cefeb6dd1787b79dc5058e83bc') in 0.016264 seconds 
  Import took 0.019960 seconds .

========================================================================
Received Import Request.
  Time since last request: 0.000236 seconds.
  path: Assets/KnghtSoul/Assets/個人素材/文字/NotoSansTC-Medium.otf
  artifactKey: Guid(b745f4128e666a54b9cebaa563cf1022) Importer(815301076,1909f56bfc062723c751e8b465ee728b)
Start importing Assets/KnghtSoul/Assets/個人素材/文字/NotoSansTC-Medium.otf using Guid(b745f4128e666a54b9cebaa563cf1022) Importer(815301076,1909f56bfc062723c751e8b465ee728b)  -> (artifact id: '7bece004fb0981022224bfad79e0d7fd') in 0.017538 seconds 
  Import took 0.021105 seconds .

========================================================================
Received Import Request.
  Time since last request: 0.000206 seconds.
  path: Assets/KnghtSoul/Assets/個人素材/文字/NotoSansTC-Light.otf
  artifactKey: Guid(d01e507f4c8f473408013a9af5d627bb) Importer(815301076,1909f56bfc062723c751e8b465ee728b)
Start importing Assets/KnghtSoul/Assets/個人素材/文字/NotoSansTC-Light.otf using Guid(d01e507f4c8f473408013a9af5d627bb) Importer(815301076,1909f56bfc062723c751e8b465ee728b)  -> (artifact id: '12e133ee81a45b1b5d41971b43e3eb59') in 0.020859 seconds 
  Import took 0.024430 seconds .

========================================================================
Received Import Request.
  Time since last request: 0.000204 seconds.
  path: Assets/KnghtSoul/Assets/個人素材/文字/NotoSansTC-Thin.otf
  artifactKey: Guid(77b310da3f181184bb9c130f892eb89f) Importer(815301076,1909f56bfc062723c751e8b465ee728b)
Start importing Assets/KnghtSoul/Assets/個人素材/文字/NotoSansTC-Thin.otf using Guid(77b310da3f181184bb9c130f892eb89f) Importer(815301076,1909f56bfc062723c751e8b465ee728b)  -> (artifact id: '32d54abdcb1d0c007ab2335c1e913a2d') in 0.017526 seconds 
  Import took 0.020691 seconds .

========================================================================
Received Import Request.
  Time since last request: 0.000256 seconds.
  path: Assets/KnghtSoul/Assets/個人素材/文字/SourceHanSerifTC-Bold.otf
  artifactKey: Guid(9e8d02c674818474abb57d2c054b76fa) Importer(815301076,1909f56bfc062723c751e8b465ee728b)
Start importing Assets/KnghtSoul/Assets/個人素材/文字/SourceHanSerifTC-Bold.otf using Guid(9e8d02c674818474abb57d2c054b76fa) Importer(815301076,1909f56bfc062723c751e8b465ee728b)  -> (artifact id: '2b6c2b1afd37ccacc26531c897fb7f95') in 0.030290 seconds 
  Import took 0.034863 seconds .

========================================================================
Received Import Request.
  Time since last request: 1.273295 seconds.
  path: Assets/KnghtSoul/Assets/文字/mplus_hzk_12.ttf
  artifactKey: Guid(8736aa3f6410c2e408948fd3c01446cf) Importer(815301076,1909f56bfc062723c751e8b465ee728b)
Start importing Assets/KnghtSoul/Assets/文字/mplus_hzk_12.ttf using Guid(8736aa3f6410c2e408948fd3c01446cf) Importer(815301076,1909f56bfc062723c751e8b465ee728b)  -> (artifact id: '64cd6597e6f63e50957d3b0d242b8d82') in 0.015367 seconds 
  Import took 0.018783 seconds .

========================================================================
Received Import Request.
  Time since last request: 1113.068446 seconds.
  path: Assets/KnghtSoul/Assets/場景/Scenetwo.unity
  artifactKey: Guid(2d07eac0ccb58ee4cae19a5525ecd3ed) Importer(815301076,1909f56bfc062723c751e8b465ee728b)
Start importing Assets/KnghtSoul/Assets/場景/Scenetwo.unity using Guid(2d07eac0ccb58ee4cae19a5525ecd3ed) Importer(815301076,1909f56bfc062723c751e8b465ee728b)  -> (artifact id: 'fefd191418b1fed1ec4c02a9d780e087') in 0.006814 seconds 
  Import took 0.010554 seconds .

========================================================================
Received Import Request.
  Time since last request: 40.974098 seconds.
  path: Assets/KnghtSoul/Assets/Scripts/女神像對話.asset
  artifactKey: Guid(6c5e51ba794155043a149cf56274053c) Importer(815301076,1909f56bfc062723c751e8b465ee728b)
Start importing Assets/KnghtSoul/Assets/Scripts/女神像對話.asset using Guid(6c5e51ba794155043a149cf56274053c) Importer(815301076,1909f56bfc062723c751e8b465ee728b)  -> (artifact id: '959a1bd92e5e2a660b6a3dc9b7dc4abf') in 0.008083 seconds 
  Import took 0.011559 seconds .

========================================================================
Received Import Request.
  Time since last request: 0.000236 seconds.
  path: Assets/KnghtSoul/Assets/Scripts/女神像對話2.asset
  artifactKey: Guid(d363702586ac0f34895814acab4e94a4) Importer(815301076,1909f56bfc062723c751e8b465ee728b)
Start importing Assets/KnghtSoul/Assets/Scripts/女神像對話2.asset using Guid(d363702586ac0f34895814acab4e94a4) Importer(815301076,1909f56bfc062723c751e8b465ee728b)  -> (artifact id: 'f8fa25649d4b40aad8196d9ce34621d3') in 0.006804 seconds 
  Import took 0.009295 seconds .

========================================================================
Received Import Request.
  Time since last request: 3.884403 seconds.
  path: Assets/KnghtSoul/Assets/Scripts/Scene
  artifactKey: Guid(bab365846b2496f4989329b1a9a335cb) Importer(815301076,1909f56bfc062723c751e8b465ee728b)
Start importing Assets/KnghtSoul/Assets/Scripts/Scene using Guid(bab365846b2496f4989329b1a9a335cb) Importer(815301076,1909f56bfc062723c751e8b465ee728b)  -> (artifact id: '4ba996b4c10d36d306aca1c8585f7dd7') in 0.005601 seconds 
  Import took 0.008911 seconds .

========================================================================
Received Import Request.
  Time since last request: 3.762889 seconds.
  path: Assets/KnghtSoul/Assets/Scripts/LearnCoroutine.cs
  artifactKey: Guid(41c346217f9d4ad4ba5739837b9c63bc) Importer(815301076,1909f56bfc062723c751e8b465ee728b)
Start importing Assets/KnghtSoul/Assets/Scripts/LearnCoroutine.cs using Guid(41c346217f9d4ad4ba5739837b9c63bc) Importer(815301076,1909f56bfc062723c751e8b465ee728b)  -> (artifact id: 'fda9123cb36f5622bbfe2fd9df162e5a') in 0.098418 seconds 
  Import took 0.101517 seconds .

========================================================================
Received Import Request.
  Time since last request: 0.228802 seconds.
  path: Assets/KnghtSoul/Assets/Scripts/Gameset.cs
  artifactKey: Guid(dd1ced91d658c7149b8f0d209ac1cc32) Importer(815301076,1909f56bfc062723c751e8b465ee728b)
Start importing Assets/KnghtSoul/Assets/Scripts/Gameset.cs using Guid(dd1ced91d658c7149b8f0d209ac1cc32) Importer(815301076,1909f56bfc062723c751e8b465ee728b)  -> (artifact id: 'af53d074ae8c02e34d90b1b5e6f3ab6d') in 0.004792 seconds 
  Import took 0.007847 seconds .

========================================================================
Received Import Request.
  Time since last request: 0.824708 seconds.
  path: Assets/KnghtSoul/Assets/Scripts/Enemy
  artifactKey: Guid(d183bb1ddf6d4dd42b12df5103e8a376) Importer(815301076,1909f56bfc062723c751e8b465ee728b)
Start importing Assets/KnghtSoul/Assets/Scripts/Enemy using Guid(d183bb1ddf6d4dd42b12df5103e8a376) Importer(815301076,1909f56bfc062723c751e8b465ee728b)  -> (artifact id: '7c622a796c29744afdf26274ecf92853') in 0.005110 seconds 
  Import took 0.008383 seconds .

========================================================================
Received Import Request.
  Time since last request: 1.583173 seconds.
  path: Assets/KnghtSoul/Assets/Scripts/Enemy/END.cs
  artifactKey: Guid(6f7b430d127394748b402c48c298e0de) Importer(815301076,1909f56bfc062723c751e8b465ee728b)
Start importing Assets/KnghtSoul/Assets/Scripts/Enemy/END.cs using Guid(6f7b430d127394748b402c48c298e0de) Importer(815301076,1909f56bfc062723c751e8b465ee728b)  -> (artifact id: '431b6403232b835d15da13f9be6fb90a') in 0.005464 seconds 
  Import took 0.008760 seconds .

========================================================================
Received Prepare
Registering precompiled user dll's ...
Registered in 0.002259 seconds.
Begin MonoManager ReloadAssembly
Native extension for WindowsStandalone target not found
Native extension for WebGL target not found
Refreshing native plugins compatible for Editor in 0.45 ms, found 3 plugins.
Preloading 0 native plugins for Editor in 0.00 ms.
Mono: successfully reloaded assembly
- Completed reload, in  0.832 seconds
Domain Reload Profiling:
	ReloadAssembly (832ms)
		BeginReloadAssembly (100ms)
			ExecutionOrderSort (0ms)
			DisableScriptedObjects (5ms)
			BackupInstance (0ms)
			ReleaseScriptingObjects (0ms)
			CreateAndSetChildDomain (29ms)
		EndReloadAssembly (681ms)
			LoadAssemblies (71ms)
			RebuildTransferFunctionScriptingTraits (0ms)
			SetupTypeCache (227ms)
			ReleaseScriptCaches (1ms)
			RebuildScriptCaches (35ms)
			SetupLoadedEditorAssemblies (260ms)
				LogAssemblyErrors (0ms)
				InitializePlatformSupportModulesInManaged (5ms)
				SetLoadedEditorAssemblies (0ms)
				RefreshPlugins (0ms)
				BeforeProcessingInitializeOnLoad (51ms)
				ProcessInitializeOnLoadAttributes (194ms)
				ProcessInitializeOnLoadMethodAttributes (4ms)
				AfterProcessingInitializeOnLoad (5ms)
				EditorAssembliesLoaded (0ms)
			ExecutionOrderSort2 (0ms)
			AwakeInstancesAfterBackupRestoration (10ms)
Platform modules already initialized, skipping
Refreshing native plugins compatible for Editor in 0.43 ms, found 3 plugins.
Preloading 0 native plugins for Editor in 0.00 ms.
Unloading 2248 Unused Serialized files (Serialized files now loaded: 0)
System memory in use before: 101.6 MB.
System memory in use after: 101.8 MB.

Unloading 15 unused Assets to reduce memory usage. Loaded Objects now: 2762.
Total: 2.631700 ms (FindLiveObjects: 0.170100 ms CreateObjectMapping: 0.076000 ms MarkObjects: 2.372900 ms  DeleteObjects: 0.012100 ms)

AssetImportParameters requested are different than current active one (requested -> active):
  custom:framework-win-MediaFoundation: 216162199b28c13a410421893ffa2e32 -> 
  custom:video-decoder-ogg-theora: a1e56fd34408186e4bbccfd4996cb3dc -> 
  custom:container-muxer-webm: aa71ff27fc2769a1b78a27578f13a17b -> 
  custom:container-demuxer-webm: 4f35f7cbe854078d1ac9338744f61a02 -> 
  custom:container-demuxer-ogg: 62fdf1f143b41e24485cea50d1cbac27 -> 
  custom:video-encoder-webm-vp8: eb34c28f22e8b96e1ab97ce403110664 -> 
  custom:video-decoder-webm-vp8: 9c59270c3fd7afecdb556c50c9e8de78 -> 
  custom:audio-decoder-ogg-vorbis: bf7c407c2cedff20999df2af8eb42d56 -> 
  custom:audio-encoder-webm-vorbis: bf7c407c2cedff20999df2af8eb42d56 -> 
========================================================================
Received Import Request.
  Time since last request: 464.261585 seconds.
  path: Assets/KnghtSoul/Assets/Scripts/Enemy/END.cs
  artifactKey: Guid(6f7b430d127394748b402c48c298e0de) Importer(815301076,1909f56bfc062723c751e8b465ee728b)
Start importing Assets/KnghtSoul/Assets/Scripts/Enemy/END.cs using Guid(6f7b430d127394748b402c48c298e0de) Importer(815301076,1909f56bfc062723c751e8b465ee728b)  -> (artifact id: '73c1adec47c7131522321bf1e39d0ca4') in 0.003793 seconds 
  Import took 0.006357 seconds .

========================================================================
Received Import Request.
  Time since last request: 18.225541 seconds.
  path: Assets/KnghtSoul/Assets/場景/credit.unity
  artifactKey: Guid(17fbed0872029024b88ac1cfb0f04554) Importer(815301076,1909f56bfc062723c751e8b465ee728b)
Start importing Assets/KnghtSoul/Assets/場景/credit.unity using Guid(17fbed0872029024b88ac1cfb0f04554) Importer(815301076,1909f56bfc062723c751e8b465ee728b)  -> (artifact id: 'd6dd0cb0758713b5f6d59106c36182d5') in 0.007592 seconds 
  Import took 0.010443 seconds .

========================================================================
Received Prepare
Registering precompiled user dll's ...
Registered in 0.002142 seconds.
Begin MonoManager ReloadAssembly
Native extension for WindowsStandalone target not found
Native extension for WebGL target not found
Refreshing native plugins compatible for Editor in 0.47 ms, found 3 plugins.
Preloading 0 native plugins for Editor in 0.00 ms.
Mono: successfully reloaded assembly
- Completed reload, in  0.799 seconds
Domain Reload Profiling:
	ReloadAssembly (800ms)
		BeginReloadAssembly (94ms)
			ExecutionOrderSort (0ms)
			DisableScriptedObjects (5ms)
			BackupInstance (0ms)
			ReleaseScriptingObjects (0ms)
			CreateAndSetChildDomain (27ms)
		EndReloadAssembly (658ms)
			LoadAssemblies (67ms)
			RebuildTransferFunctionScriptingTraits (0ms)
			SetupTypeCache (220ms)
			ReleaseScriptCaches (1ms)
			RebuildScriptCaches (37ms)
			SetupLoadedEditorAssemblies (249ms)
				LogAssemblyErrors (0ms)
				InitializePlatformSupportModulesInManaged (6ms)
				SetLoadedEditorAssemblies (0ms)
				RefreshPlugins (1ms)
				BeforeProcessingInitializeOnLoad (49ms)
				ProcessInitializeOnLoadAttributes (184ms)
				ProcessInitializeOnLoadMethodAttributes (4ms)
				AfterProcessingInitializeOnLoad (4ms)
				EditorAssembliesLoaded (0ms)
			ExecutionOrderSort2 (0ms)
			AwakeInstancesAfterBackupRestoration (9ms)
Platform modules already initialized, skipping
Refreshing native plugins compatible for Editor in 0.46 ms, found 3 plugins.
Preloading 0 native plugins for Editor in 0.00 ms.
Unloading 2248 Unused Serialized files (Serialized files now loaded: 0)
System memory in use before: 101.6 MB.
System memory in use after: 101.8 MB.

Unloading 15 unused Assets to reduce memory usage. Loaded Objects now: 2765.
Total: 2.598800 ms (FindLiveObjects: 0.175900 ms CreateObjectMapping: 0.078400 ms MarkObjects: 2.328900 ms  DeleteObjects: 0.014800 ms)

AssetImportParameters requested are different than current active one (requested -> active):
  custom:framework-win-MediaFoundation: 216162199b28c13a410421893ffa2e32 -> 
  custom:video-decoder-ogg-theora: a1e56fd34408186e4bbccfd4996cb3dc -> 
  custom:container-muxer-webm: aa71ff27fc2769a1b78a27578f13a17b -> 
  custom:container-demuxer-webm: 4f35f7cbe854078d1ac9338744f61a02 -> 
  custom:container-demuxer-ogg: 62fdf1f143b41e24485cea50d1cbac27 -> 
  custom:video-encoder-webm-vp8: eb34c28f22e8b96e1ab97ce403110664 -> 
  custom:video-decoder-webm-vp8: 9c59270c3fd7afecdb556c50c9e8de78 -> 
  custom:audio-decoder-ogg-vorbis: bf7c407c2cedff20999df2af8eb42d56 -> 
  custom:audio-encoder-webm-vorbis: bf7c407c2cedff20999df2af8eb42d56 -> 
========================================================================
Received Prepare
Registering precompiled user dll's ...
Registered in 0.002531 seconds.
Begin MonoManager ReloadAssembly
Native extension for WindowsStandalone target not found
Native extension for WebGL target not found
Refreshing native plugins compatible for Editor in 0.49 ms, found 3 plugins.
Preloading 0 native plugins for Editor in 0.00 ms.
Mono: successfully reloaded assembly
- Completed reload, in  1.135 seconds
Domain Reload Profiling:
	ReloadAssembly (1135ms)
		BeginReloadAssembly (114ms)
			ExecutionOrderSort (0ms)
			DisableScriptedObjects (7ms)
			BackupInstance (0ms)
			ReleaseScriptingObjects (0ms)
			CreateAndSetChildDomain (33ms)
		EndReloadAssembly (947ms)
			LoadAssemblies (95ms)
			RebuildTransferFunctionScriptingTraits (0ms)
			SetupTypeCache (418ms)
			ReleaseScriptCaches (1ms)
			RebuildScriptCaches (42ms)
			SetupLoadedEditorAssemblies (292ms)
				LogAssemblyErrors (0ms)
				InitializePlatformSupportModulesInManaged (6ms)
				SetLoadedEditorAssemblies (0ms)
				RefreshPlugins (1ms)
				BeforeProcessingInitializeOnLoad (56ms)
				ProcessInitializeOnLoadAttributes (218ms)
				ProcessInitializeOnLoadMethodAttributes (5ms)
				AfterProcessingInitializeOnLoad (5ms)
				EditorAssembliesLoaded (0ms)
			ExecutionOrderSort2 (0ms)
			AwakeInstancesAfterBackupRestoration (12ms)
Platform modules already initialized, skipping
Refreshing native plugins compatible for Editor in 0.46 ms, found 3 plugins.
Preloading 0 native plugins for Editor in 0.00 ms.
Unloading 2248 Unused Serialized files (Serialized files now loaded: 0)
System memory in use before: 101.6 MB.
System memory in use after: 101.8 MB.

Unloading 15 unused Assets to reduce memory usage. Loaded Objects now: 2768.
Total: 2.773800 ms (FindLiveObjects: 0.265900 ms CreateObjectMapping: 0.159000 ms MarkObjects: 2.334200 ms  DeleteObjects: 0.013800 ms)

AssetImportParameters requested are different than current active one (requested -> active):
  custom:framework-win-MediaFoundation: 216162199b28c13a410421893ffa2e32 -> 
  custom:video-decoder-ogg-theora: a1e56fd34408186e4bbccfd4996cb3dc -> 
  custom:container-muxer-webm: aa71ff27fc2769a1b78a27578f13a17b -> 
  custom:container-demuxer-webm: 4f35f7cbe854078d1ac9338744f61a02 -> 
  custom:container-demuxer-ogg: 62fdf1f143b41e24485cea50d1cbac27 -> 
  custom:video-encoder-webm-vp8: eb34c28f22e8b96e1ab97ce403110664 -> 
  custom:video-decoder-webm-vp8: 9c59270c3fd7afecdb556c50c9e8de78 -> 
  custom:audio-decoder-ogg-vorbis: bf7c407c2cedff20999df2af8eb42d56 -> 
  custom:audio-encoder-webm-vorbis: bf7c407c2cedff20999df2af8eb42d56 -> 
========================================================================
Received Import Request.
  Time since last request: 116.820169 seconds.
  path: Assets/KnghtSoul/Assets/Scripts/Knight/PlayerAttack.cs
  artifactKey: Guid(c025e50fd13adb646805c656ba23b4df) Importer(815301076,1909f56bfc062723c751e8b465ee728b)
Start importing Assets/KnghtSoul/Assets/Scripts/Knight/PlayerAttack.cs using Guid(c025e50fd13adb646805c656ba23b4df) Importer(815301076,1909f56bfc062723c751e8b465ee728b)  -> (artifact id: '51d2c2ea3630587e1d50e86584b7776e') in 0.007270 seconds 
  Import took 0.010227 seconds .

========================================================================
Received Prepare
Registering precompiled user dll's ...
Registered in 0.002299 seconds.
Begin MonoManager ReloadAssembly
Native extension for WindowsStandalone target not found
Native extension for WebGL target not found
Refreshing native plugins compatible for Editor in 0.47 ms, found 3 plugins.
Preloading 0 native plugins for Editor in 0.00 ms.
Mono: successfully reloaded assembly
- Completed reload, in  0.869 seconds
Domain Reload Profiling:
	ReloadAssembly (869ms)
		BeginReloadAssembly (94ms)
			ExecutionOrderSort (0ms)
			DisableScriptedObjects (5ms)
			BackupInstance (0ms)
			ReleaseScriptingObjects (0ms)
			CreateAndSetChildDomain (26ms)
		EndReloadAssembly (726ms)
			LoadAssemblies (73ms)
			RebuildTransferFunctionScriptingTraits (0ms)
			SetupTypeCache (256ms)
			ReleaseScriptCaches (1ms)
			RebuildScriptCaches (40ms)
			SetupLoadedEditorAssemblies (260ms)
				LogAssemblyErrors (0ms)
				InitializePlatformSupportModulesInManaged (5ms)
				SetLoadedEditorAssemblies (0ms)
				RefreshPlugins (1ms)
				BeforeProcessingInitializeOnLoad (51ms)
				ProcessInitializeOnLoadAttributes (193ms)
				ProcessInitializeOnLoadMethodAttributes (4ms)
				AfterProcessingInitializeOnLoad (5ms)
				EditorAssembliesLoaded (0ms)
			ExecutionOrderSort2 (0ms)
			AwakeInstancesAfterBackupRestoration (9ms)
Platform modules already initialized, skipping
Refreshing native plugins compatible for Editor in 0.55 ms, found 3 plugins.
Preloading 0 native plugins for Editor in 0.00 ms.
Unloading 2248 Unused Serialized files (Serialized files now loaded: 0)
System memory in use before: 101.6 MB.
System memory in use after: 101.8 MB.

Unloading 15 unused Assets to reduce memory usage. Loaded Objects now: 2771.
Total: 3.193400 ms (FindLiveObjects: 0.199900 ms CreateObjectMapping: 0.080800 ms MarkObjects: 2.893900 ms  DeleteObjects: 0.017700 ms)

AssetImportParameters requested are different than current active one (requested -> active):
  custom:framework-win-MediaFoundation: 216162199b28c13a410421893ffa2e32 -> 
  custom:video-decoder-ogg-theora: a1e56fd34408186e4bbccfd4996cb3dc -> 
  custom:container-muxer-webm: aa71ff27fc2769a1b78a27578f13a17b -> 
  custom:container-demuxer-webm: 4f35f7cbe854078d1ac9338744f61a02 -> 
  custom:container-demuxer-ogg: 62fdf1f143b41e24485cea50d1cbac27 -> 
  custom:video-encoder-webm-vp8: eb34c28f22e8b96e1ab97ce403110664 -> 
  custom:video-decoder-webm-vp8: 9c59270c3fd7afecdb556c50c9e8de78 -> 
  custom:audio-decoder-ogg-vorbis: bf7c407c2cedff20999df2af8eb42d56 -> 
  custom:audio-encoder-webm-vorbis: bf7c407c2cedff20999df2af8eb42d56 -> 
========================================================================
Received Prepare
Registering precompiled user dll's ...
Registered in 0.002095 seconds.
Begin MonoManager ReloadAssembly
Native extension for WindowsStandalone target not found
Native extension for WebGL target not found
Refreshing native plugins compatible for Editor in 0.44 ms, found 3 plugins.
Preloading 0 native plugins for Editor in 0.00 ms.
Mono: successfully reloaded assembly
- Completed reload, in  0.784 seconds
Domain Reload Profiling:
	ReloadAssembly (784ms)
		BeginReloadAssembly (83ms)
			ExecutionOrderSort (0ms)
			DisableScriptedObjects (5ms)
			BackupInstance (0ms)
			ReleaseScriptingObjects (0ms)
			CreateAndSetChildDomain (26ms)
		EndReloadAssembly (653ms)
			LoadAssemblies (70ms)
			RebuildTransferFunctionScriptingTraits (0ms)
			SetupTypeCache (220ms)
			ReleaseScriptCaches (1ms)
			RebuildScriptCaches (35ms)
			SetupLoadedEditorAssemblies (243ms)
				LogAssemblyErrors (0ms)
				InitializePlatformSupportModulesInManaged (4ms)
				SetLoadedEditorAssemblies (0ms)
				RefreshPlugins (0ms)
				BeforeProcessingInitializeOnLoad (47ms)
				ProcessInitializeOnLoadAttributes (182ms)
				ProcessInitializeOnLoadMethodAttributes (4ms)
				AfterProcessingInitializeOnLoad (4ms)
				EditorAssembliesLoaded (0ms)
			ExecutionOrderSort2 (0ms)
			AwakeInstancesAfterBackupRestoration (8ms)
Platform modules already initialized, skipping
Refreshing native plugins compatible for Editor in 0.42 ms, found 3 plugins.
Preloading 0 native plugins for Editor in 0.00 ms.
Unloading 2248 Unused Serialized files (Serialized files now loaded: 0)
System memory in use before: 101.5 MB.
System memory in use after: 101.7 MB.

Unloading 15 unused Assets to reduce memory usage. Loaded Objects now: 2774.
Total: 2.752200 ms (FindLiveObjects: 0.326800 ms CreateObjectMapping: 0.119800 ms MarkObjects: 2.292800 ms  DeleteObjects: 0.012200 ms)

AssetImportParameters requested are different than current active one (requested -> active):
  custom:framework-win-MediaFoundation: 216162199b28c13a410421893ffa2e32 -> 
  custom:video-decoder-ogg-theora: a1e56fd34408186e4bbccfd4996cb3dc -> 
  custom:container-muxer-webm: aa71ff27fc2769a1b78a27578f13a17b -> 
  custom:container-demuxer-webm: 4f35f7cbe854078d1ac9338744f61a02 -> 
  custom:container-demuxer-ogg: 62fdf1f143b41e24485cea50d1cbac27 -> 
  custom:video-encoder-webm-vp8: eb34c28f22e8b96e1ab97ce403110664 -> 
  custom:video-decoder-webm-vp8: 9c59270c3fd7afecdb556c50c9e8de78 -> 
  custom:audio-decoder-ogg-vorbis: bf7c407c2cedff20999df2af8eb42d56 -> 
  custom:audio-encoder-webm-vorbis: bf7c407c2cedff20999df2af8eb42d56 -> 
========================================================================
Received Prepare
Registering precompiled user dll's ...
Registered in 0.002237 seconds.
Begin MonoManager ReloadAssembly
Native extension for WindowsStandalone target not found
Native extension for WebGL target not found
Refreshing native plugins compatible for Editor in 0.46 ms, found 3 plugins.
Preloading 0 native plugins for Editor in 0.00 ms.
Mono: successfully reloaded assembly
- Completed reload, in  0.809 seconds
Domain Reload Profiling:
	ReloadAssembly (809ms)
		BeginReloadAssembly (97ms)
			ExecutionOrderSort (0ms)
			DisableScriptedObjects (5ms)
			BackupInstance (0ms)
			ReleaseScriptingObjects (0ms)
			CreateAndSetChildDomain (27ms)
		EndReloadAssembly (662ms)
			LoadAssemblies (72ms)
			RebuildTransferFunctionScriptingTraits (0ms)
			SetupTypeCache (226ms)
			ReleaseScriptCaches (1ms)
			RebuildScriptCaches (38ms)
			SetupLoadedEditorAssemblies (244ms)
				LogAssemblyErrors (0ms)
				InitializePlatformSupportModulesInManaged (5ms)
				SetLoadedEditorAssemblies (0ms)
				RefreshPlugins (0ms)
				BeforeProcessingInitializeOnLoad (51ms)
				ProcessInitializeOnLoadAttributes (179ms)
				ProcessInitializeOnLoadMethodAttributes (4ms)
				AfterProcessingInitializeOnLoad (4ms)
				EditorAssembliesLoaded (0ms)
			ExecutionOrderSort2 (0ms)
			AwakeInstancesAfterBackupRestoration (8ms)
Platform modules already initialized, skipping
Refreshing native plugins compatible for Editor in 0.43 ms, found 3 plugins.
Preloading 0 native plugins for Editor in 0.00 ms.
Unloading 2248 Unused Serialized files (Serialized files now loaded: 0)
System memory in use before: 101.6 MB.
System memory in use after: 101.8 MB.

Unloading 15 unused Assets to reduce memory usage. Loaded Objects now: 2777.
Total: 2.432800 ms (FindLiveObjects: 0.170300 ms CreateObjectMapping: 0.077800 ms MarkObjects: 2.172500 ms  DeleteObjects: 0.011700 ms)

AssetImportParameters requested are different than current active one (requested -> active):
  custom:framework-win-MediaFoundation: 216162199b28c13a410421893ffa2e32 -> 
  custom:video-decoder-ogg-theora: a1e56fd34408186e4bbccfd4996cb3dc -> 
  custom:container-muxer-webm: aa71ff27fc2769a1b78a27578f13a17b -> 
  custom:container-demuxer-webm: 4f35f7cbe854078d1ac9338744f61a02 -> 
  custom:container-demuxer-ogg: 62fdf1f143b41e24485cea50d1cbac27 -> 
  custom:video-encoder-webm-vp8: eb34c28f22e8b96e1ab97ce403110664 -> 
  custom:video-decoder-webm-vp8: 9c59270c3fd7afecdb556c50c9e8de78 -> 
  custom:audio-decoder-ogg-vorbis: bf7c407c2cedff20999df2af8eb42d56 -> 
  custom:audio-encoder-webm-vorbis: bf7c407c2cedff20999df2af8eb42d56 -> 
========================================================================
Received Prepare
Refreshing native plugins compatible for Editor in 2.55 ms, found 3 plugins.
Preloading 0 native plugins for Editor in 0.00 ms.
Unloading 12 Unused Serialized files (Serialized files now loaded: 0)
System memory in use before: 57.4 MB.
System memory in use after: 57.6 MB.

Unloading 12 unused Assets to reduce memory usage. Loaded Objects now: 2777.
Total: 2.391900 ms (FindLiveObjects: 0.170300 ms CreateObjectMapping: 0.074000 ms MarkObjects: 2.138300 ms  DeleteObjects: 0.008600 ms)

AssetImportParameters requested are different than current active one (requested -> active):
  custom:framework-win-MediaFoundation: 216162199b28c13a410421893ffa2e32 -> 
  custom:video-decoder-ogg-theora: a1e56fd34408186e4bbccfd4996cb3dc -> 
  custom:container-muxer-webm: aa71ff27fc2769a1b78a27578f13a17b -> 
  custom:container-demuxer-webm: 4f35f7cbe854078d1ac9338744f61a02 -> 
  custom:container-demuxer-ogg: 62fdf1f143b41e24485cea50d1cbac27 -> 
  custom:video-encoder-webm-vp8: eb34c28f22e8b96e1ab97ce403110664 -> 
  custom:video-decoder-webm-vp8: 9c59270c3fd7afecdb556c50c9e8de78 -> 
  custom:audio-decoder-ogg-vorbis: bf7c407c2cedff20999df2af8eb42d56 -> 
  custom:audio-encoder-webm-vorbis: bf7c407c2cedff20999df2af8eb42d56 -> 
========================================================================
Received Import Request.
  Time since last request: 261.493553 seconds.
  path: Assets/KnghtSoul/Assets/個人素材/1.png
  artifactKey: Guid(2895cf466b249db44956f16c27a17761) Importer(815301076,1909f56bfc062723c751e8b465ee728b)
Start importing Assets/KnghtSoul/Assets/個人素材/1.png using Guid(2895cf466b249db44956f16c27a17761) Importer(815301076,1909f56bfc062723c751e8b465ee728b)  -> (artifact id: '6647b2defb326b5ade58c69e4670f1fc') in 0.077715 seconds 
  Import took 0.081713 seconds .

========================================================================
Received Import Request.
  Time since last request: 0.000309 seconds.
  path: Assets/KnghtSoul/Assets/個人素材/圖形/7623344_arrow_right_triangle_essential_right icon_icon.png
  artifactKey: Guid(90bce4dd5a5387545ab40832ac01f025) Importer(815301076,1909f56bfc062723c751e8b465ee728b)
Start importing Assets/KnghtSoul/Assets/個人素材/圖形/7623344_arrow_right_triangle_essential_right icon_icon.png using Guid(90bce4dd5a5387545ab40832ac01f025) Importer(815301076,1909f56bfc062723c751e8b465ee728b)  -> (artifact id: 'dfe45c5876998ebd5a849bfb7db900c0') in 0.038934 seconds 
  Import took 0.042487 seconds .

========================================================================
Received Import Request.
  Time since last request: 0.000258 seconds.
  path: Assets/KnghtSoul/Assets/town/GothicVania-town-files/code/phaser-code/assets/atlas/atlas-props.png
  artifactKey: Guid(6d2d7b338f774a94fb6746e5b8388c5b) Importer(815301076,1909f56bfc062723c751e8b465ee728b)
Start importing Assets/KnghtSoul/Assets/town/GothicVania-town-files/code/phaser-code/assets/atlas/atlas-props.png using Guid(6d2d7b338f774a94fb6746e5b8388c5b) Importer(815301076,1909f56bfc062723c751e8b465ee728b)  -> (artifact id: '2a6c693fcc1fefab2db0cf16d25490a4') in 0.016262 seconds 
  Import took 0.019643 seconds .

========================================================================
Received Import Request.
  Time since last request: 0.000165 seconds.
  path: Assets/KnghtSoul/Assets/個人素材/圖形/7623344_arrow_right_triangle_essential_right icon_icon (1).png
  artifactKey: Guid(51c090656c2e27b4a8c6e3ac57917eb2) Importer(815301076,1909f56bfc062723c751e8b465ee728b)
Start importing Assets/KnghtSoul/Assets/個人素材/圖形/7623344_arrow_right_triangle_essential_right icon_icon (1).png using Guid(51c090656c2e27b4a8c6e3ac57917eb2) Importer(815301076,1909f56bfc062723c751e8b465ee728b)  -> (artifact id: 'a0b1ffcce9df4de012dd8b124a67fe34') in 0.023280 seconds 
  Import took 0.026704 seconds .

========================================================================
Received Import Request.
  Time since last request: 0.000198 seconds.
  path: Assets/KnghtSoul/Assets/個人素材/角色/怪物/Skeleton/Attack.png
  artifactKey: Guid(3f676efde0db0c440b045247e0e2f12f) Importer(815301076,1909f56bfc062723c751e8b465ee728b)
Start importing Assets/KnghtSoul/Assets/個人素材/角色/怪物/Skeleton/Attack.png using Guid(3f676efde0db0c440b045247e0e2f12f) Importer(815301076,1909f56bfc062723c751e8b465ee728b)  -> (artifact id: '87663356800017a0dae77d62c0ac2dfe') in 0.063736 seconds 
  Import took 0.067128 seconds .

========================================================================
Received Import Request.
  Time since last request: 0.000259 seconds.
  path: Assets/KnghtSoul/Assets/個人素材/角色/怪物/Flying eye/Attack.png
  artifactKey: Guid(1521d0c2083cc1a48b1015a2d9fc22ca) Importer(815301076,1909f56bfc062723c751e8b465ee728b)
Start importing Assets/KnghtSoul/Assets/個人素材/角色/怪物/Flying eye/Attack.png using Guid(1521d0c2083cc1a48b1015a2d9fc22ca) Importer(815301076,1909f56bfc062723c751e8b465ee728b)  -> (artifact id: 'b1d9d00476317a19dd1d6248c5b5643f') in 0.051340 seconds 
  Import took 0.054310 seconds .

========================================================================
Received Import Request.
  Time since last request: 0.000273 seconds.
  path: Assets/KnghtSoul/Assets/town/GothicVania-town-files/code/phaser-code/assets/atlas/atlas.png
  artifactKey: Guid(392b9d7fae33fa242bf596da3445e480) Importer(815301076,1909f56bfc062723c751e8b465ee728b)
Start importing Assets/KnghtSoul/Assets/town/GothicVania-town-files/code/phaser-code/assets/atlas/atlas.png using Guid(392b9d7fae33fa242bf596da3445e480) Importer(815301076,1909f56bfc062723c751e8b465ee728b)  -> (artifact id: 'bb11f34e6acf85ab0563440eab0f3538') in 0.015011 seconds 
  Import took 0.018360 seconds .

========================================================================
Received Import Request.
  Time since last request: 0.000214 seconds.
  path: Assets/KnghtSoul/Assets/個人素材/角色/怪物/Goblin/Attack.png
  artifactKey: Guid(469b3467a20c96441a6fb27754dcb95e) Importer(815301076,1909f56bfc062723c751e8b465ee728b)
Start importing Assets/KnghtSoul/Assets/個人素材/角色/怪物/Goblin/Attack.png using Guid(469b3467a20c96441a6fb27754dcb95e) Importer(815301076,1909f56bfc062723c751e8b465ee728b)  -> (artifact id: '70a5cb0a41faaaf869c69a93b55277bd') in 0.029343 seconds 
  Import took 0.032419 seconds .

========================================================================
Received Import Request.
  Time since last request: 12.080372 seconds.
  path: Assets/KnghtSoul/Assets/個人素材/logo.png
  artifactKey: Guid(78f27556fce5a7143b25adc00e7640b2) Importer(815301076,1909f56bfc062723c751e8b465ee728b)
Start importing Assets/KnghtSoul/Assets/個人素材/logo.png using Guid(78f27556fce5a7143b25adc00e7640b2) Importer(815301076,1909f56bfc062723c751e8b465ee728b)  -> (artifact id: 'c516c38d1d87ba76a85892305a4118b1') in 0.012901 seconds 
  Import took 0.016633 seconds .

========================================================================
Received Import Request.
  Time since last request: 0.000262 seconds.
  path: Assets/KnghtSoul/Assets/個人素材/試排_01.jpg
  artifactKey: Guid(2c301fb39d95de74aa7b5c80b4f74fe5) Importer(815301076,1909f56bfc062723c751e8b465ee728b)
Start importing Assets/KnghtSoul/Assets/個人素材/試排_01.jpg using Guid(2c301fb39d95de74aa7b5c80b4f74fe5) Importer(815301076,1909f56bfc062723c751e8b465ee728b)  -> (artifact id: '43c786d550d5e3bc9b7c40d091a28142') in 0.017468 seconds 
  Import took 0.020585 seconds .

========================================================================
Received Import Request.
  Time since last request: 0.000231 seconds.
  path: Assets/KnghtSoul/Assets/個人素材/試排_02.jpg
  artifactKey: Guid(9d71a8e4341c5174aafba902dd689961) Importer(815301076,1909f56bfc062723c751e8b465ee728b)
Start importing Assets/KnghtSoul/Assets/個人素材/試排_02.jpg using Guid(9d71a8e4341c5174aafba902dd689961) Importer(815301076,1909f56bfc062723c751e8b465ee728b)  -> (artifact id: '45d1c9b008c3fae8c5a0cbef497a561b') in 0.014559 seconds 
  Import took 0.018116 seconds .

========================================================================
Received Import Request.
  Time since last request: 0.000254 seconds.
  path: Assets/KnghtSoul/Assets/個人素材/試排.jpg
  artifactKey: Guid(c0c5577bfdcaa72469426d635aed0a53) Importer(815301076,1909f56bfc062723c751e8b465ee728b)
Start importing Assets/KnghtSoul/Assets/個人素材/試排.jpg using Guid(c0c5577bfdcaa72469426d635aed0a53) Importer(815301076,1909f56bfc062723c751e8b465ee728b)  -> (artifact id: '44101f2dee2982451448c4be5c880ecd') in 0.014075 seconds 
  Import took 0.017523 seconds .

========================================================================
Received Import Request.
  Time since last request: 11.652136 seconds.
  path: Assets/KnghtSoul/Assets/個人素材/b3a4babd59ebb46530a7f7cca856d848.png
  artifactKey: Guid(94beab3d3ea8cb245a86e98d3e48c28e) Importer(815301076,1909f56bfc062723c751e8b465ee728b)
Start importing Assets/KnghtSoul/Assets/個人素材/b3a4babd59ebb46530a7f7cca856d848.png using Guid(94beab3d3ea8cb245a86e98d3e48c28e) Importer(815301076,1909f56bfc062723c751e8b465ee728b)  -> (artifact id: '4844929f7aedc226d0ad9cf335917e13') in 0.023756 seconds 
  Import took 0.026898 seconds .

========================================================================
Received Import Request.
  Time since last request: 7.316637 seconds.
  path: Assets/KnghtSoul/Assets/個人素材/角色/怪物/Boss/attack.png
  artifactKey: Guid(933bb922f6c7c854ba7a36d5e68e43ff) Importer(815301076,1909f56bfc062723c751e8b465ee728b)
Start importing Assets/KnghtSoul/Assets/個人素材/角色/怪物/Boss/attack.png using Guid(933bb922f6c7c854ba7a36d5e68e43ff) Importer(815301076,1909f56bfc062723c751e8b465ee728b)  -> (artifact id: 'bf97384592a03ca3044ed5f5b86828e8') in 0.038271 seconds 
  Import took 0.041316 seconds .

========================================================================
Received Import Request.
  Time since last request: 0.525716 seconds.
  path: Assets/KnghtSoul/Assets/個人素材/角色/怪物/Mushroom/Attack.png
  artifactKey: Guid(df03b2d535561dc40a2eab9801359ad2) Importer(815301076,1909f56bfc062723c751e8b465ee728b)
Start importing Assets/KnghtSoul/Assets/個人素材/角色/怪物/Mushroom/Attack.png using Guid(df03b2d535561dc40a2eab9801359ad2) Importer(815301076,1909f56bfc062723c751e8b465ee728b)  -> (artifact id: 'dd8ff93ffe43163d4ccb2f9c4473937d') in 0.027830 seconds 
  Import took 0.031221 seconds .

========================================================================
Received Import Request.
  Time since last request: 0.028410 seconds.
  path: Assets/KnghtSoul/Assets/個人素材/場景物件/background.jpg
  artifactKey: Guid(7a6bad58ad098fb4db21b25e3ff78043) Importer(815301076,1909f56bfc062723c751e8b465ee728b)
Start importing Assets/KnghtSoul/Assets/個人素材/場景物件/background.jpg using Guid(7a6bad58ad098fb4db21b25e3ff78043) Importer(815301076,1909f56bfc062723c751e8b465ee728b)  -> (artifact id: '3f54e13608303c532a8406970fa5891d') in 0.012853 seconds 
  Import took 0.016137 seconds .

========================================================================
Received Import Request.
  Time since last request: 0.000241 seconds.
  path: Assets/KnghtSoul/Assets/town/GothicVania-town-files/code/phaser-code/assets/environment/background.png
  artifactKey: Guid(bc537533e45ada7489229aca34ab252c) Importer(815301076,1909f56bfc062723c751e8b465ee728b)
Start importing Assets/KnghtSoul/Assets/town/GothicVania-town-files/code/phaser-code/assets/environment/background.png using Guid(bc537533e45ada7489229aca34ab252c) Importer(815301076,1909f56bfc062723c751e8b465ee728b)  -> (artifact id: 'b0cf9dae9998a07617f4d552be766bb1') in 0.013045 seconds 
  Import took 0.015959 seconds .

========================================================================
Received Import Request.
  Time since last request: 0.000245 seconds.
  path: Assets/KnghtSoul/Assets/town/GothicVania-town-files/PNG/environment/layers/background.png
  artifactKey: Guid(6dc3f892fecf42d4ca110cb4f9fa5cb6) Importer(815301076,1909f56bfc062723c751e8b465ee728b)
Start importing Assets/KnghtSoul/Assets/town/GothicVania-town-files/PNG/environment/layers/background.png using Guid(6dc3f892fecf42d4ca110cb4f9fa5cb6) Importer(815301076,1909f56bfc062723c751e8b465ee728b)  -> (artifact id: 'b116580045eb7302437d6abfaf014fd1') in 0.012068 seconds 
  Import took 0.015065 seconds .

========================================================================
Received Prepare
Refreshing native plugins compatible for Editor in 2.54 ms, found 3 plugins.
Preloading 0 native plugins for Editor in 0.00 ms.
Unloading 12 Unused Serialized files (Serialized files now loaded: 0)
System memory in use before: 57.7 MB.
System memory in use after: 57.9 MB.

Unloading 12 unused Assets to reduce memory usage. Loaded Objects now: 2798.
Total: 2.860500 ms (FindLiveObjects: 0.175600 ms CreateObjectMapping: 0.076600 ms MarkObjects: 2.598200 ms  DeleteObjects: 0.009100 ms)

AssetImportParameters requested are different than current active one (requested -> active):
  custom:framework-win-MediaFoundation: 216162199b28c13a410421893ffa2e32 -> 
  custom:video-decoder-ogg-theora: a1e56fd34408186e4bbccfd4996cb3dc -> 
  custom:container-muxer-webm: aa71ff27fc2769a1b78a27578f13a17b -> 
  custom:container-demuxer-webm: 4f35f7cbe854078d1ac9338744f61a02 -> 
  custom:container-demuxer-ogg: 62fdf1f143b41e24485cea50d1cbac27 -> 
  custom:video-encoder-webm-vp8: eb34c28f22e8b96e1ab97ce403110664 -> 
  custom:video-decoder-webm-vp8: 9c59270c3fd7afecdb556c50c9e8de78 -> 
  custom:audio-decoder-ogg-vorbis: bf7c407c2cedff20999df2af8eb42d56 -> 
  custom:audio-encoder-webm-vorbis: bf7c407c2cedff20999df2af8eb42d56 -> 
========================================================================
Received Prepare
Refreshing native plugins compatible for Editor in 2.49 ms, found 3 plugins.
Preloading 0 native plugins for Editor in 0.00 ms.
Unloading 12 Unused Serialized files (Serialized files now loaded: 0)
System memory in use before: 57.7 MB.
System memory in use after: 57.9 MB.

Unloading 12 unused Assets to reduce memory usage. Loaded Objects now: 2798.
Total: 3.149800 ms (FindLiveObjects: 0.195400 ms CreateObjectMapping: 0.071800 ms MarkObjects: 2.870800 ms  DeleteObjects: 0.011000 ms)

AssetImportParameters requested are different than current active one (requested -> active):
  custom:framework-win-MediaFoundation: 216162199b28c13a410421893ffa2e32 -> 
  custom:video-decoder-ogg-theora: a1e56fd34408186e4bbccfd4996cb3dc -> 
  custom:container-muxer-webm: aa71ff27fc2769a1b78a27578f13a17b -> 
  custom:container-demuxer-webm: 4f35f7cbe854078d1ac9338744f61a02 -> 
  custom:container-demuxer-ogg: 62fdf1f143b41e24485cea50d1cbac27 -> 
  custom:video-encoder-webm-vp8: eb34c28f22e8b96e1ab97ce403110664 -> 
  custom:video-decoder-webm-vp8: 9c59270c3fd7afecdb556c50c9e8de78 -> 
  custom:audio-decoder-ogg-vorbis: bf7c407c2cedff20999df2af8eb42d56 -> 
  custom:audio-encoder-webm-vorbis: bf7c407c2cedff20999df2af8eb42d56 -> 
========================================================================
Received Prepare
Registering precompiled user dll's ...
Registered in 0.002973 seconds.
Begin MonoManager ReloadAssembly
Native extension for WindowsStandalone target not found
Native extension for WebGL target not found
Refreshing native plugins compatible for Editor in 0.70 ms, found 3 plugins.
Preloading 0 native plugins for Editor in 0.00 ms.
Mono: successfully reloaded assembly
- Completed reload, in  0.917 seconds
Domain Reload Profiling:
	ReloadAssembly (918ms)
		BeginReloadAssembly (104ms)
			ExecutionOrderSort (0ms)
			DisableScriptedObjects (6ms)
			BackupInstance (0ms)
			ReleaseScriptingObjects (0ms)
			CreateAndSetChildDomain (34ms)
		EndReloadAssembly (755ms)
			LoadAssemblies (90ms)
			RebuildTransferFunctionScriptingTraits (0ms)
			SetupTypeCache (275ms)
			ReleaseScriptCaches (1ms)
			RebuildScriptCaches (44ms)
			SetupLoadedEditorAssemblies (247ms)
				LogAssemblyErrors (0ms)
				InitializePlatformSupportModulesInManaged (6ms)
				SetLoadedEditorAssemblies (0ms)
				RefreshPlugins (1ms)
				BeforeProcessingInitializeOnLoad (55ms)
				ProcessInitializeOnLoadAttributes (177ms)
				ProcessInitializeOnLoadMethodAttributes (4ms)
				AfterProcessingInitializeOnLoad (4ms)
				EditorAssembliesLoaded (0ms)
			ExecutionOrderSort2 (0ms)
			AwakeInstancesAfterBackupRestoration (8ms)
Platform modules already initialized, skipping
Refreshing native plugins compatible for Editor in 0.51 ms, found 3 plugins.
Preloading 0 native plugins for Editor in 0.00 ms.
Unloading 2248 Unused Serialized files (Serialized files now loaded: 0)
System memory in use before: 101.7 MB.
System memory in use after: 101.9 MB.

Unloading 15 unused Assets to reduce memory usage. Loaded Objects now: 2801.
Total: 2.911300 ms (FindLiveObjects: 0.183700 ms CreateObjectMapping: 0.081000 ms MarkObjects: 2.605700 ms  DeleteObjects: 0.040200 ms)

AssetImportParameters requested are different than current active one (requested -> active):
  custom:framework-win-MediaFoundation: 216162199b28c13a410421893ffa2e32 -> 
  custom:video-decoder-ogg-theora: a1e56fd34408186e4bbccfd4996cb3dc -> 
  custom:container-muxer-webm: aa71ff27fc2769a1b78a27578f13a17b -> 
  custom:container-demuxer-webm: 4f35f7cbe854078d1ac9338744f61a02 -> 
  custom:container-demuxer-ogg: 62fdf1f143b41e24485cea50d1cbac27 -> 
  custom:video-encoder-webm-vp8: eb34c28f22e8b96e1ab97ce403110664 -> 
  custom:video-decoder-webm-vp8: 9c59270c3fd7afecdb556c50c9e8de78 -> 
  custom:audio-decoder-ogg-vorbis: bf7c407c2cedff20999df2af8eb42d56 -> 
  custom:audio-encoder-webm-vorbis: bf7c407c2cedff20999df2af8eb42d56 -> 
AssetImportWorkerClient::OnTransportError - code=2 error=End of file
